WARN  [2014-03-14 22:10:09,994] com.yammer.dropwizard.config.ServerFactory: 
!!!!!!!!!!!!!!!!!!!!!!!!!!!!!!!!!!!!!!!!!!!!!!!!!!!!!!!!!!!!!!!!!!!!!!!!!!!!!!!!
!!!!!!!!!!!!!!!!!!!!!!!!!!!!!!!!!!!!!!!!!!!!!!!!!!!!!!!!!!!!!!!!!!!!!!!!!!!!!!!!
!    THIS SERVICE HAS NO HEALTHCHECKS. THIS MEANS YOU WILL NEVER KNOW IF IT    !
!    DIES IN PRODUCTION, WHICH MEANS YOU WILL NEVER KNOW IF YOU'RE LETTING     !
!     YOUR USERS DOWN. YOU SHOULD ADD A HEALTHCHECK FOR EACH DEPENDENCY OF     !
!     YOUR SERVICE WHICH FULLY (BUT LIGHTLY) TESTS YOUR SERVICE'S ABILITY TO   !
!      USE THAT SERVICE. THINK OF IT AS A CONTINUOUS INTEGRATION TEST.         !
!!!!!!!!!!!!!!!!!!!!!!!!!!!!!!!!!!!!!!!!!!!!!!!!!!!!!!!!!!!!!!!!!!!!!!!!!!!!!!!!
!!!!!!!!!!!!!!!!!!!!!!!!!!!!!!!!!!!!!!!!!!!!!!!!!!!!!!!!!!!!!!!!!!!!!!!!!!!!!!!!
INFO  [2014-03-14 22:10:10,411] com.yammer.dropwizard.cli.ServerCommand: Starting kaizen-service
INFO  [2014-03-14 22:10:10,413] org.eclipse.jetty.server.Server: jetty-8.1.10.v20130312
INFO  [2014-03-14 22:10:10,733] com.sun.jersey.server.impl.application.WebApplicationImpl: Initiating Jersey application, version 'Jersey: 1.17.1 02/28/2013 12:47 PM'
INFO  [2014-03-14 22:10:10,885] com.yammer.dropwizard.config.Environment: The following paths were found for the configured resources:


INFO  [2014-03-14 22:10:10,886] com.yammer.dropwizard.config.Environment: tasks = 

    POST    /tasks/gc (com.yammer.dropwizard.tasks.GarbageCollectionTask)

ERROR [2014-03-14 22:10:11,346] com.sun.jersey.server.impl.application.RootResourceUriRules: The ResourceConfig instance does not contain any root resource classes.
WARN  [2014-03-14 22:10:11,376] /: unavailable
! com.sun.jersey.api.container.ContainerException: The ResourceConfig instance does not contain any root resource classes.
! at com.sun.jersey.server.impl.application.RootResourceUriRules.<init>(RootResourceUriRules.java:99) ~[jersey-server-1.17.1.jar:1.17.1]
! at com.sun.jersey.server.impl.application.WebApplicationImpl._initiate(WebApplicationImpl.java:1331) ~[jersey-server-1.17.1.jar:1.17.1]
! at com.sun.jersey.server.impl.application.WebApplicationImpl.access$700(WebApplicationImpl.java:168) ~[jersey-server-1.17.1.jar:1.17.1]
! at com.sun.jersey.server.impl.application.WebApplicationImpl$13.f(WebApplicationImpl.java:774) ~[jersey-server-1.17.1.jar:1.17.1]
! at com.sun.jersey.server.impl.application.WebApplicationImpl$13.f(WebApplicationImpl.java:770) ~[jersey-server-1.17.1.jar:1.17.1]
! at com.sun.jersey.spi.inject.Errors.processWithErrors(Errors.java:193) ~[jersey-core-1.17.1.jar:1.17.1]
! at com.sun.jersey.server.impl.application.WebApplicationImpl.initiate(WebApplicationImpl.java:770) ~[jersey-server-1.17.1.jar:1.17.1]
! at com.sun.jersey.server.impl.application.WebApplicationImpl.initiate(WebApplicationImpl.java:765) ~[jersey-server-1.17.1.jar:1.17.1]
! at com.sun.jersey.spi.container.servlet.ServletContainer.initiate(ServletContainer.java:489) ~[jersey-servlet-1.17.1.jar:1.17.1]
! at com.sun.jersey.spi.container.servlet.ServletContainer$InternalWebComponent.initiate(ServletContainer.java:319) ~[jersey-servlet-1.17.1.jar:1.17.1]
! at com.sun.jersey.spi.container.servlet.WebComponent.load(WebComponent.java:605) ~[jersey-servlet-1.17.1.jar:1.17.1]
! at com.sun.jersey.spi.container.servlet.WebComponent.init(WebComponent.java:210) ~[jersey-servlet-1.17.1.jar:1.17.1]
! at com.sun.jersey.spi.container.servlet.ServletContainer.init(ServletContainer.java:374) ~[jersey-servlet-1.17.1.jar:1.17.1]
! at com.sun.jersey.spi.container.servlet.ServletContainer.init(ServletContainer.java:557) ~[jersey-servlet-1.17.1.jar:1.17.1]
! at javax.servlet.GenericServlet.init(GenericServlet.java:244) ~[javax.servlet-3.0.0.v201112011016.jar:na]
! at org.eclipse.jetty.servlet.ServletHolder.initServlet(ServletHolder.java:519) [jetty-servlet-8.1.10.v20130312.jar:8.1.10.v20130312]
! at org.eclipse.jetty.servlet.ServletHolder.doStart(ServletHolder.java:331) [jetty-servlet-8.1.10.v20130312.jar:8.1.10.v20130312]
! at org.eclipse.jetty.util.component.AbstractLifeCycle.start(AbstractLifeCycle.java:64) [jetty-util-8.1.10.v20130312.jar:8.1.10.v20130312]
! at org.eclipse.jetty.servlet.ServletHandler.initialize(ServletHandler.java:742) [jetty-servlet-8.1.10.v20130312.jar:8.1.10.v20130312]
! at org.eclipse.jetty.servlet.ServletContextHandler.startContext(ServletContextHandler.java:265) [jetty-servlet-8.1.10.v20130312.jar:8.1.10.v20130312]
! at org.eclipse.jetty.server.handler.ContextHandler.doStart(ContextHandler.java:710) [jetty-server-8.1.10.v20130312.jar:8.1.10.v20130312]
! at org.eclipse.jetty.util.component.AbstractLifeCycle.start(AbstractLifeCycle.java:64) [jetty-util-8.1.10.v20130312.jar:8.1.10.v20130312]
! at org.eclipse.jetty.server.handler.HandlerWrapper.doStart(HandlerWrapper.java:95) [jetty-server-8.1.10.v20130312.jar:8.1.10.v20130312]
! at org.eclipse.jetty.util.component.AbstractLifeCycle.start(AbstractLifeCycle.java:64) [jetty-util-8.1.10.v20130312.jar:8.1.10.v20130312]
! at org.eclipse.jetty.server.handler.HandlerWrapper.doStart(HandlerWrapper.java:95) [jetty-server-8.1.10.v20130312.jar:8.1.10.v20130312]
! at org.eclipse.jetty.util.component.AbstractLifeCycle.start(AbstractLifeCycle.java:64) [jetty-util-8.1.10.v20130312.jar:8.1.10.v20130312]
! at org.eclipse.jetty.server.handler.HandlerCollection.doStart(HandlerCollection.java:229) [jetty-server-8.1.10.v20130312.jar:8.1.10.v20130312]
! at org.eclipse.jetty.util.component.AbstractLifeCycle.start(AbstractLifeCycle.java:64) [jetty-util-8.1.10.v20130312.jar:8.1.10.v20130312]
! at org.eclipse.jetty.server.handler.HandlerWrapper.doStart(HandlerWrapper.java:95) [jetty-server-8.1.10.v20130312.jar:8.1.10.v20130312]
! at org.eclipse.jetty.server.Server.doStart(Server.java:280) [jetty-server-8.1.10.v20130312.jar:8.1.10.v20130312]
! at org.eclipse.jetty.util.component.AbstractLifeCycle.start(AbstractLifeCycle.java:64) [jetty-util-8.1.10.v20130312.jar:8.1.10.v20130312]
! at com.yammer.dropwizard.cli.ServerCommand.run(ServerCommand.java:48) [dropwizard-core-0.6.2.jar:na]
! at com.yammer.dropwizard.cli.EnvironmentCommand.run(EnvironmentCommand.java:39) [dropwizard-core-0.6.2.jar:na]
! at com.yammer.dropwizard.cli.ConfiguredCommand.run(ConfiguredCommand.java:58) [dropwizard-core-0.6.2.jar:na]
! at com.yammer.dropwizard.cli.Cli.run(Cli.java:53) [dropwizard-core-0.6.2.jar:na]
! at com.yammer.dropwizard.Service.run(Service.java:61) [dropwizard-core-0.6.2.jar:na]
! at com.kaizen.yelp.serviceclass.KaizenService.main(KaizenService.java:12) [classes/:na]
INFO  [2014-03-14 22:10:11,486] org.eclipse.jetty.server.AbstractConnector: Started InstrumentedBlockingChannelConnector@0.0.0.0:8080
INFO  [2014-03-14 22:10:11,492] org.eclipse.jetty.server.AbstractConnector: Started SocketConnector@0.0.0.0:8081
INFO  [2014-03-14 22:10:42,446] org.eclipse.jetty.server.Server: Graceful shutdown SocketConnector@0.0.0.0:8081
INFO  [2014-03-14 22:10:42,447] org.eclipse.jetty.server.Server: Graceful shutdown InstrumentedBlockingChannelConnector@0.0.0.0:8080
INFO  [2014-03-14 22:10:42,451] org.eclipse.jetty.server.Server: Graceful shutdown o.e.j.s.ServletContextHandler{/,null}
INFO  [2014-03-14 22:10:42,451] org.eclipse.jetty.server.Server: Graceful shutdown o.e.j.s.ServletContextHandler{/,file:/Users/nimmicv/Documents/IDE/SpringToolSuite/workspace/kaizen/target/classes/}
INFO  [2014-03-14 22:10:44,542] org.eclipse.jetty.server.handler.ContextHandler: stopped o.e.j.s.ServletContextHandler{/,file:/Users/nimmicv/Documents/IDE/SpringToolSuite/workspace/kaizen/target/classes/}
INFO  [2014-03-14 22:10:44,545] org.eclipse.jetty.server.handler.ContextHandler: stopped o.e.j.s.ServletContextHandler{/,null}
WARN  [2014-03-14 22:15:15,935] com.yammer.dropwizard.config.ServerFactory: 
!!!!!!!!!!!!!!!!!!!!!!!!!!!!!!!!!!!!!!!!!!!!!!!!!!!!!!!!!!!!!!!!!!!!!!!!!!!!!!!!
!!!!!!!!!!!!!!!!!!!!!!!!!!!!!!!!!!!!!!!!!!!!!!!!!!!!!!!!!!!!!!!!!!!!!!!!!!!!!!!!
!    THIS SERVICE HAS NO HEALTHCHECKS. THIS MEANS YOU WILL NEVER KNOW IF IT    !
!    DIES IN PRODUCTION, WHICH MEANS YOU WILL NEVER KNOW IF YOU'RE LETTING     !
!     YOUR USERS DOWN. YOU SHOULD ADD A HEALTHCHECK FOR EACH DEPENDENCY OF     !
!     YOUR SERVICE WHICH FULLY (BUT LIGHTLY) TESTS YOUR SERVICE'S ABILITY TO   !
!      USE THAT SERVICE. THINK OF IT AS A CONTINUOUS INTEGRATION TEST.         !
!!!!!!!!!!!!!!!!!!!!!!!!!!!!!!!!!!!!!!!!!!!!!!!!!!!!!!!!!!!!!!!!!!!!!!!!!!!!!!!!
!!!!!!!!!!!!!!!!!!!!!!!!!!!!!!!!!!!!!!!!!!!!!!!!!!!!!!!!!!!!!!!!!!!!!!!!!!!!!!!!
INFO  [2014-03-14 22:15:16,018] com.yammer.dropwizard.cli.ServerCommand: Starting kaizen-service
INFO  [2014-03-14 22:15:16,020] org.eclipse.jetty.server.Server: jetty-8.1.10.v20130312
INFO  [2014-03-14 22:15:16,136] com.sun.jersey.server.impl.application.WebApplicationImpl: Initiating Jersey application, version 'Jersey: 1.17.1 02/28/2013 12:47 PM'
INFO  [2014-03-14 22:15:16,190] com.yammer.dropwizard.config.Environment: The following paths were found for the configured resources:


INFO  [2014-03-14 22:15:16,190] com.yammer.dropwizard.config.Environment: tasks = 

    POST    /tasks/gc (com.yammer.dropwizard.tasks.GarbageCollectionTask)

ERROR [2014-03-14 22:15:16,451] com.sun.jersey.server.impl.application.RootResourceUriRules: The ResourceConfig instance does not contain any root resource classes.
WARN  [2014-03-14 22:15:16,461] /: unavailable
! com.sun.jersey.api.container.ContainerException: The ResourceConfig instance does not contain any root resource classes.
! at com.sun.jersey.server.impl.application.RootResourceUriRules.<init>(RootResourceUriRules.java:99) ~[jersey-server-1.17.1.jar:1.17.1]
! at com.sun.jersey.server.impl.application.WebApplicationImpl._initiate(WebApplicationImpl.java:1331) ~[jersey-server-1.17.1.jar:1.17.1]
! at com.sun.jersey.server.impl.application.WebApplicationImpl.access$700(WebApplicationImpl.java:168) ~[jersey-server-1.17.1.jar:1.17.1]
! at com.sun.jersey.server.impl.application.WebApplicationImpl$13.f(WebApplicationImpl.java:774) ~[jersey-server-1.17.1.jar:1.17.1]
! at com.sun.jersey.server.impl.application.WebApplicationImpl$13.f(WebApplicationImpl.java:770) ~[jersey-server-1.17.1.jar:1.17.1]
! at com.sun.jersey.spi.inject.Errors.processWithErrors(Errors.java:193) ~[jersey-core-1.17.1.jar:1.17.1]
! at com.sun.jersey.server.impl.application.WebApplicationImpl.initiate(WebApplicationImpl.java:770) ~[jersey-server-1.17.1.jar:1.17.1]
! at com.sun.jersey.server.impl.application.WebApplicationImpl.initiate(WebApplicationImpl.java:765) ~[jersey-server-1.17.1.jar:1.17.1]
! at com.sun.jersey.spi.container.servlet.ServletContainer.initiate(ServletContainer.java:489) ~[jersey-servlet-1.17.1.jar:1.17.1]
! at com.sun.jersey.spi.container.servlet.ServletContainer$InternalWebComponent.initiate(ServletContainer.java:319) ~[jersey-servlet-1.17.1.jar:1.17.1]
! at com.sun.jersey.spi.container.servlet.WebComponent.load(WebComponent.java:605) ~[jersey-servlet-1.17.1.jar:1.17.1]
! at com.sun.jersey.spi.container.servlet.WebComponent.init(WebComponent.java:210) ~[jersey-servlet-1.17.1.jar:1.17.1]
! at com.sun.jersey.spi.container.servlet.ServletContainer.init(ServletContainer.java:374) ~[jersey-servlet-1.17.1.jar:1.17.1]
! at com.sun.jersey.spi.container.servlet.ServletContainer.init(ServletContainer.java:557) ~[jersey-servlet-1.17.1.jar:1.17.1]
! at javax.servlet.GenericServlet.init(GenericServlet.java:244) ~[javax.servlet-3.0.0.v201112011016.jar:na]
! at org.eclipse.jetty.servlet.ServletHolder.initServlet(ServletHolder.java:519) [jetty-servlet-8.1.10.v20130312.jar:8.1.10.v20130312]
! at org.eclipse.jetty.servlet.ServletHolder.doStart(ServletHolder.java:331) [jetty-servlet-8.1.10.v20130312.jar:8.1.10.v20130312]
! at org.eclipse.jetty.util.component.AbstractLifeCycle.start(AbstractLifeCycle.java:64) [jetty-util-8.1.10.v20130312.jar:8.1.10.v20130312]
! at org.eclipse.jetty.servlet.ServletHandler.initialize(ServletHandler.java:742) [jetty-servlet-8.1.10.v20130312.jar:8.1.10.v20130312]
! at org.eclipse.jetty.servlet.ServletContextHandler.startContext(ServletContextHandler.java:265) [jetty-servlet-8.1.10.v20130312.jar:8.1.10.v20130312]
! at org.eclipse.jetty.server.handler.ContextHandler.doStart(ContextHandler.java:710) [jetty-server-8.1.10.v20130312.jar:8.1.10.v20130312]
! at org.eclipse.jetty.util.component.AbstractLifeCycle.start(AbstractLifeCycle.java:64) [jetty-util-8.1.10.v20130312.jar:8.1.10.v20130312]
! at org.eclipse.jetty.server.handler.HandlerWrapper.doStart(HandlerWrapper.java:95) [jetty-server-8.1.10.v20130312.jar:8.1.10.v20130312]
! at org.eclipse.jetty.util.component.AbstractLifeCycle.start(AbstractLifeCycle.java:64) [jetty-util-8.1.10.v20130312.jar:8.1.10.v20130312]
! at org.eclipse.jetty.server.handler.HandlerWrapper.doStart(HandlerWrapper.java:95) [jetty-server-8.1.10.v20130312.jar:8.1.10.v20130312]
! at org.eclipse.jetty.util.component.AbstractLifeCycle.start(AbstractLifeCycle.java:64) [jetty-util-8.1.10.v20130312.jar:8.1.10.v20130312]
! at org.eclipse.jetty.server.handler.HandlerCollection.doStart(HandlerCollection.java:229) [jetty-server-8.1.10.v20130312.jar:8.1.10.v20130312]
! at org.eclipse.jetty.util.component.AbstractLifeCycle.start(AbstractLifeCycle.java:64) [jetty-util-8.1.10.v20130312.jar:8.1.10.v20130312]
! at org.eclipse.jetty.server.handler.HandlerWrapper.doStart(HandlerWrapper.java:95) [jetty-server-8.1.10.v20130312.jar:8.1.10.v20130312]
! at org.eclipse.jetty.server.Server.doStart(Server.java:280) [jetty-server-8.1.10.v20130312.jar:8.1.10.v20130312]
! at org.eclipse.jetty.util.component.AbstractLifeCycle.start(AbstractLifeCycle.java:64) [jetty-util-8.1.10.v20130312.jar:8.1.10.v20130312]
! at com.yammer.dropwizard.cli.ServerCommand.run(ServerCommand.java:48) [dropwizard-core-0.6.2.jar:na]
! at com.yammer.dropwizard.cli.EnvironmentCommand.run(EnvironmentCommand.java:39) [dropwizard-core-0.6.2.jar:na]
! at com.yammer.dropwizard.cli.ConfiguredCommand.run(ConfiguredCommand.java:58) [dropwizard-core-0.6.2.jar:na]
! at com.yammer.dropwizard.cli.Cli.run(Cli.java:53) [dropwizard-core-0.6.2.jar:na]
! at com.yammer.dropwizard.Service.run(Service.java:61) [dropwizard-core-0.6.2.jar:na]
! at com.kaizen.yelp.serviceclass.KaizenService.main(KaizenService.java:12) [classes/:na]
INFO  [2014-03-14 22:15:16,522] org.eclipse.jetty.server.AbstractConnector: Started InstrumentedBlockingChannelConnector@0.0.0.0:8080
INFO  [2014-03-14 22:15:16,542] org.eclipse.jetty.server.AbstractConnector: Started SocketConnector@0.0.0.0:8081
INFO  [2014-03-14 22:15:39,926] org.eclipse.jetty.server.Server: Graceful shutdown SocketConnector@0.0.0.0:8081
INFO  [2014-03-14 22:15:39,928] org.eclipse.jetty.server.Server: Graceful shutdown InstrumentedBlockingChannelConnector@0.0.0.0:8080
INFO  [2014-03-14 22:15:39,931] org.eclipse.jetty.server.Server: Graceful shutdown o.e.j.s.ServletContextHandler{/,null}
INFO  [2014-03-14 22:15:39,931] org.eclipse.jetty.server.Server: Graceful shutdown o.e.j.s.ServletContextHandler{/,file:/Users/nimmicv/Documents/IDE/SpringToolSuite/workspace/kaizen/target/classes/}
INFO  [2014-03-14 22:15:41,985] org.eclipse.jetty.server.handler.ContextHandler: stopped o.e.j.s.ServletContextHandler{/,file:/Users/nimmicv/Documents/IDE/SpringToolSuite/workspace/kaizen/target/classes/}
INFO  [2014-03-14 22:15:41,985] org.eclipse.jetty.server.handler.ContextHandler: stopped o.e.j.s.ServletContextHandler{/,null}
WARN  [2014-03-14 22:17:15,034] com.yammer.dropwizard.config.ServerFactory: 
!!!!!!!!!!!!!!!!!!!!!!!!!!!!!!!!!!!!!!!!!!!!!!!!!!!!!!!!!!!!!!!!!!!!!!!!!!!!!!!!
!!!!!!!!!!!!!!!!!!!!!!!!!!!!!!!!!!!!!!!!!!!!!!!!!!!!!!!!!!!!!!!!!!!!!!!!!!!!!!!!
!    THIS SERVICE HAS NO HEALTHCHECKS. THIS MEANS YOU WILL NEVER KNOW IF IT    !
!    DIES IN PRODUCTION, WHICH MEANS YOU WILL NEVER KNOW IF YOU'RE LETTING     !
!     YOUR USERS DOWN. YOU SHOULD ADD A HEALTHCHECK FOR EACH DEPENDENCY OF     !
!     YOUR SERVICE WHICH FULLY (BUT LIGHTLY) TESTS YOUR SERVICE'S ABILITY TO   !
!      USE THAT SERVICE. THINK OF IT AS A CONTINUOUS INTEGRATION TEST.         !
!!!!!!!!!!!!!!!!!!!!!!!!!!!!!!!!!!!!!!!!!!!!!!!!!!!!!!!!!!!!!!!!!!!!!!!!!!!!!!!!
!!!!!!!!!!!!!!!!!!!!!!!!!!!!!!!!!!!!!!!!!!!!!!!!!!!!!!!!!!!!!!!!!!!!!!!!!!!!!!!!
INFO  [2014-03-14 22:17:15,116] com.yammer.dropwizard.cli.ServerCommand: Starting kaizen-service
INFO  [2014-03-14 22:17:15,118] org.eclipse.jetty.server.Server: jetty-8.1.10.v20130312
INFO  [2014-03-14 22:17:15,234] com.sun.jersey.server.impl.application.WebApplicationImpl: Initiating Jersey application, version 'Jersey: 1.17.1 02/28/2013 12:47 PM'
INFO  [2014-03-14 22:17:15,288] com.yammer.dropwizard.config.Environment: The following paths were found for the configured resources:


INFO  [2014-03-14 22:17:15,288] com.yammer.dropwizard.config.Environment: tasks = 

    POST    /tasks/gc (com.yammer.dropwizard.tasks.GarbageCollectionTask)

ERROR [2014-03-14 22:17:15,606] com.sun.jersey.server.impl.application.RootResourceUriRules: The ResourceConfig instance does not contain any root resource classes.
WARN  [2014-03-14 22:17:15,612] /: unavailable
! com.sun.jersey.api.container.ContainerException: The ResourceConfig instance does not contain any root resource classes.
! at com.sun.jersey.server.impl.application.RootResourceUriRules.<init>(RootResourceUriRules.java:99) ~[jersey-server-1.17.1.jar:1.17.1]
! at com.sun.jersey.server.impl.application.WebApplicationImpl._initiate(WebApplicationImpl.java:1331) ~[jersey-server-1.17.1.jar:1.17.1]
! at com.sun.jersey.server.impl.application.WebApplicationImpl.access$700(WebApplicationImpl.java:168) ~[jersey-server-1.17.1.jar:1.17.1]
! at com.sun.jersey.server.impl.application.WebApplicationImpl$13.f(WebApplicationImpl.java:774) ~[jersey-server-1.17.1.jar:1.17.1]
! at com.sun.jersey.server.impl.application.WebApplicationImpl$13.f(WebApplicationImpl.java:770) ~[jersey-server-1.17.1.jar:1.17.1]
! at com.sun.jersey.spi.inject.Errors.processWithErrors(Errors.java:193) ~[jersey-core-1.17.1.jar:1.17.1]
! at com.sun.jersey.server.impl.application.WebApplicationImpl.initiate(WebApplicationImpl.java:770) ~[jersey-server-1.17.1.jar:1.17.1]
! at com.sun.jersey.server.impl.application.WebApplicationImpl.initiate(WebApplicationImpl.java:765) ~[jersey-server-1.17.1.jar:1.17.1]
! at com.sun.jersey.spi.container.servlet.ServletContainer.initiate(ServletContainer.java:489) ~[jersey-servlet-1.17.1.jar:1.17.1]
! at com.sun.jersey.spi.container.servlet.ServletContainer$InternalWebComponent.initiate(ServletContainer.java:319) ~[jersey-servlet-1.17.1.jar:1.17.1]
! at com.sun.jersey.spi.container.servlet.WebComponent.load(WebComponent.java:605) ~[jersey-servlet-1.17.1.jar:1.17.1]
! at com.sun.jersey.spi.container.servlet.WebComponent.init(WebComponent.java:210) ~[jersey-servlet-1.17.1.jar:1.17.1]
! at com.sun.jersey.spi.container.servlet.ServletContainer.init(ServletContainer.java:374) ~[jersey-servlet-1.17.1.jar:1.17.1]
! at com.sun.jersey.spi.container.servlet.ServletContainer.init(ServletContainer.java:557) ~[jersey-servlet-1.17.1.jar:1.17.1]
! at javax.servlet.GenericServlet.init(GenericServlet.java:244) ~[javax.servlet-3.0.0.v201112011016.jar:na]
! at org.eclipse.jetty.servlet.ServletHolder.initServlet(ServletHolder.java:519) [jetty-servlet-8.1.10.v20130312.jar:8.1.10.v20130312]
! at org.eclipse.jetty.servlet.ServletHolder.doStart(ServletHolder.java:331) [jetty-servlet-8.1.10.v20130312.jar:8.1.10.v20130312]
! at org.eclipse.jetty.util.component.AbstractLifeCycle.start(AbstractLifeCycle.java:64) [jetty-util-8.1.10.v20130312.jar:8.1.10.v20130312]
! at org.eclipse.jetty.servlet.ServletHandler.initialize(ServletHandler.java:742) [jetty-servlet-8.1.10.v20130312.jar:8.1.10.v20130312]
! at org.eclipse.jetty.servlet.ServletContextHandler.startContext(ServletContextHandler.java:265) [jetty-servlet-8.1.10.v20130312.jar:8.1.10.v20130312]
! at org.eclipse.jetty.server.handler.ContextHandler.doStart(ContextHandler.java:710) [jetty-server-8.1.10.v20130312.jar:8.1.10.v20130312]
! at org.eclipse.jetty.util.component.AbstractLifeCycle.start(AbstractLifeCycle.java:64) [jetty-util-8.1.10.v20130312.jar:8.1.10.v20130312]
! at org.eclipse.jetty.server.handler.HandlerWrapper.doStart(HandlerWrapper.java:95) [jetty-server-8.1.10.v20130312.jar:8.1.10.v20130312]
! at org.eclipse.jetty.util.component.AbstractLifeCycle.start(AbstractLifeCycle.java:64) [jetty-util-8.1.10.v20130312.jar:8.1.10.v20130312]
! at org.eclipse.jetty.server.handler.HandlerWrapper.doStart(HandlerWrapper.java:95) [jetty-server-8.1.10.v20130312.jar:8.1.10.v20130312]
! at org.eclipse.jetty.util.component.AbstractLifeCycle.start(AbstractLifeCycle.java:64) [jetty-util-8.1.10.v20130312.jar:8.1.10.v20130312]
! at org.eclipse.jetty.server.handler.HandlerCollection.doStart(HandlerCollection.java:229) [jetty-server-8.1.10.v20130312.jar:8.1.10.v20130312]
! at org.eclipse.jetty.util.component.AbstractLifeCycle.start(AbstractLifeCycle.java:64) [jetty-util-8.1.10.v20130312.jar:8.1.10.v20130312]
! at org.eclipse.jetty.server.handler.HandlerWrapper.doStart(HandlerWrapper.java:95) [jetty-server-8.1.10.v20130312.jar:8.1.10.v20130312]
! at org.eclipse.jetty.server.Server.doStart(Server.java:280) [jetty-server-8.1.10.v20130312.jar:8.1.10.v20130312]
! at org.eclipse.jetty.util.component.AbstractLifeCycle.start(AbstractLifeCycle.java:64) [jetty-util-8.1.10.v20130312.jar:8.1.10.v20130312]
! at com.yammer.dropwizard.cli.ServerCommand.run(ServerCommand.java:48) [dropwizard-core-0.6.2.jar:na]
! at com.yammer.dropwizard.cli.EnvironmentCommand.run(EnvironmentCommand.java:39) [dropwizard-core-0.6.2.jar:na]
! at com.yammer.dropwizard.cli.ConfiguredCommand.run(ConfiguredCommand.java:58) [dropwizard-core-0.6.2.jar:na]
! at com.yammer.dropwizard.cli.Cli.run(Cli.java:53) [dropwizard-core-0.6.2.jar:na]
! at com.yammer.dropwizard.Service.run(Service.java:61) [dropwizard-core-0.6.2.jar:na]
! at com.kaizen.yelp.serviceclass.KaizenService.main(KaizenService.java:12) [classes/:na]
INFO  [2014-03-14 22:17:15,657] org.eclipse.jetty.server.AbstractConnector: Started InstrumentedBlockingChannelConnector@0.0.0.0:8080
INFO  [2014-03-14 22:17:15,672] org.eclipse.jetty.server.AbstractConnector: Started SocketConnector@0.0.0.0:8081
INFO  [2014-03-14 22:18:57,554] org.eclipse.jetty.server.Server: Graceful shutdown SocketConnector@0.0.0.0:8081
INFO  [2014-03-14 22:18:57,556] org.eclipse.jetty.server.Server: Graceful shutdown InstrumentedBlockingChannelConnector@0.0.0.0:8080
INFO  [2014-03-14 22:18:57,559] org.eclipse.jetty.server.Server: Graceful shutdown o.e.j.s.ServletContextHandler{/,null}
INFO  [2014-03-14 22:18:57,559] org.eclipse.jetty.server.Server: Graceful shutdown o.e.j.s.ServletContextHandler{/,file:/Users/nimmicv/Documents/IDE/SpringToolSuite/workspace/kaizen/target/classes/}
INFO  [2014-03-14 22:18:59,613] org.eclipse.jetty.server.handler.ContextHandler: stopped o.e.j.s.ServletContextHandler{/,file:/Users/nimmicv/Documents/IDE/SpringToolSuite/workspace/kaizen/target/classes/}
INFO  [2014-03-14 22:18:59,613] org.eclipse.jetty.server.handler.ContextHandler: stopped o.e.j.s.ServletContextHandler{/,null}
WARN  [2014-03-14 22:21:02,971] com.yammer.dropwizard.config.ServerFactory: 
!!!!!!!!!!!!!!!!!!!!!!!!!!!!!!!!!!!!!!!!!!!!!!!!!!!!!!!!!!!!!!!!!!!!!!!!!!!!!!!!
!!!!!!!!!!!!!!!!!!!!!!!!!!!!!!!!!!!!!!!!!!!!!!!!!!!!!!!!!!!!!!!!!!!!!!!!!!!!!!!!
!    THIS SERVICE HAS NO HEALTHCHECKS. THIS MEANS YOU WILL NEVER KNOW IF IT    !
!    DIES IN PRODUCTION, WHICH MEANS YOU WILL NEVER KNOW IF YOU'RE LETTING     !
!     YOUR USERS DOWN. YOU SHOULD ADD A HEALTHCHECK FOR EACH DEPENDENCY OF     !
!     YOUR SERVICE WHICH FULLY (BUT LIGHTLY) TESTS YOUR SERVICE'S ABILITY TO   !
!      USE THAT SERVICE. THINK OF IT AS A CONTINUOUS INTEGRATION TEST.         !
!!!!!!!!!!!!!!!!!!!!!!!!!!!!!!!!!!!!!!!!!!!!!!!!!!!!!!!!!!!!!!!!!!!!!!!!!!!!!!!!
!!!!!!!!!!!!!!!!!!!!!!!!!!!!!!!!!!!!!!!!!!!!!!!!!!!!!!!!!!!!!!!!!!!!!!!!!!!!!!!!
INFO  [2014-03-14 22:21:03,058] com.yammer.dropwizard.cli.ServerCommand: Starting kaizen-service
INFO  [2014-03-14 22:21:03,060] org.eclipse.jetty.server.Server: jetty-8.1.10.v20130312
INFO  [2014-03-14 22:21:03,175] com.sun.jersey.server.impl.application.WebApplicationImpl: Initiating Jersey application, version 'Jersey: 1.17.1 02/28/2013 12:47 PM'
INFO  [2014-03-14 22:21:03,218] com.yammer.dropwizard.config.Environment: The following paths were found for the configured resources:


INFO  [2014-03-14 22:21:03,218] com.yammer.dropwizard.config.Environment: tasks = 

    POST    /tasks/gc (com.yammer.dropwizard.tasks.GarbageCollectionTask)

ERROR [2014-03-14 22:21:03,460] com.sun.jersey.server.impl.application.RootResourceUriRules: The ResourceConfig instance does not contain any root resource classes.
WARN  [2014-03-14 22:21:03,466] /: unavailable
! com.sun.jersey.api.container.ContainerException: The ResourceConfig instance does not contain any root resource classes.
! at com.sun.jersey.server.impl.application.RootResourceUriRules.<init>(RootResourceUriRules.java:99) ~[jersey-server-1.17.1.jar:1.17.1]
! at com.sun.jersey.server.impl.application.WebApplicationImpl._initiate(WebApplicationImpl.java:1331) ~[jersey-server-1.17.1.jar:1.17.1]
! at com.sun.jersey.server.impl.application.WebApplicationImpl.access$700(WebApplicationImpl.java:168) ~[jersey-server-1.17.1.jar:1.17.1]
! at com.sun.jersey.server.impl.application.WebApplicationImpl$13.f(WebApplicationImpl.java:774) ~[jersey-server-1.17.1.jar:1.17.1]
! at com.sun.jersey.server.impl.application.WebApplicationImpl$13.f(WebApplicationImpl.java:770) ~[jersey-server-1.17.1.jar:1.17.1]
! at com.sun.jersey.spi.inject.Errors.processWithErrors(Errors.java:193) ~[jersey-core-1.17.1.jar:1.17.1]
! at com.sun.jersey.server.impl.application.WebApplicationImpl.initiate(WebApplicationImpl.java:770) ~[jersey-server-1.17.1.jar:1.17.1]
! at com.sun.jersey.server.impl.application.WebApplicationImpl.initiate(WebApplicationImpl.java:765) ~[jersey-server-1.17.1.jar:1.17.1]
! at com.sun.jersey.spi.container.servlet.ServletContainer.initiate(ServletContainer.java:489) ~[jersey-servlet-1.17.1.jar:1.17.1]
! at com.sun.jersey.spi.container.servlet.ServletContainer$InternalWebComponent.initiate(ServletContainer.java:319) ~[jersey-servlet-1.17.1.jar:1.17.1]
! at com.sun.jersey.spi.container.servlet.WebComponent.load(WebComponent.java:605) ~[jersey-servlet-1.17.1.jar:1.17.1]
! at com.sun.jersey.spi.container.servlet.WebComponent.init(WebComponent.java:210) ~[jersey-servlet-1.17.1.jar:1.17.1]
! at com.sun.jersey.spi.container.servlet.ServletContainer.init(ServletContainer.java:374) ~[jersey-servlet-1.17.1.jar:1.17.1]
! at com.sun.jersey.spi.container.servlet.ServletContainer.init(ServletContainer.java:557) ~[jersey-servlet-1.17.1.jar:1.17.1]
! at javax.servlet.GenericServlet.init(GenericServlet.java:244) ~[javax.servlet-3.0.0.v201112011016.jar:na]
! at org.eclipse.jetty.servlet.ServletHolder.initServlet(ServletHolder.java:519) [jetty-servlet-8.1.10.v20130312.jar:8.1.10.v20130312]
! at org.eclipse.jetty.servlet.ServletHolder.doStart(ServletHolder.java:331) [jetty-servlet-8.1.10.v20130312.jar:8.1.10.v20130312]
! at org.eclipse.jetty.util.component.AbstractLifeCycle.start(AbstractLifeCycle.java:64) [jetty-util-8.1.10.v20130312.jar:8.1.10.v20130312]
! at org.eclipse.jetty.servlet.ServletHandler.initialize(ServletHandler.java:742) [jetty-servlet-8.1.10.v20130312.jar:8.1.10.v20130312]
! at org.eclipse.jetty.servlet.ServletContextHandler.startContext(ServletContextHandler.java:265) [jetty-servlet-8.1.10.v20130312.jar:8.1.10.v20130312]
! at org.eclipse.jetty.server.handler.ContextHandler.doStart(ContextHandler.java:710) [jetty-server-8.1.10.v20130312.jar:8.1.10.v20130312]
! at org.eclipse.jetty.util.component.AbstractLifeCycle.start(AbstractLifeCycle.java:64) [jetty-util-8.1.10.v20130312.jar:8.1.10.v20130312]
! at org.eclipse.jetty.server.handler.HandlerWrapper.doStart(HandlerWrapper.java:95) [jetty-server-8.1.10.v20130312.jar:8.1.10.v20130312]
! at org.eclipse.jetty.util.component.AbstractLifeCycle.start(AbstractLifeCycle.java:64) [jetty-util-8.1.10.v20130312.jar:8.1.10.v20130312]
! at org.eclipse.jetty.server.handler.HandlerWrapper.doStart(HandlerWrapper.java:95) [jetty-server-8.1.10.v20130312.jar:8.1.10.v20130312]
! at org.eclipse.jetty.util.component.AbstractLifeCycle.start(AbstractLifeCycle.java:64) [jetty-util-8.1.10.v20130312.jar:8.1.10.v20130312]
! at org.eclipse.jetty.server.handler.HandlerCollection.doStart(HandlerCollection.java:229) [jetty-server-8.1.10.v20130312.jar:8.1.10.v20130312]
! at org.eclipse.jetty.util.component.AbstractLifeCycle.start(AbstractLifeCycle.java:64) [jetty-util-8.1.10.v20130312.jar:8.1.10.v20130312]
! at org.eclipse.jetty.server.handler.HandlerWrapper.doStart(HandlerWrapper.java:95) [jetty-server-8.1.10.v20130312.jar:8.1.10.v20130312]
! at org.eclipse.jetty.server.Server.doStart(Server.java:280) [jetty-server-8.1.10.v20130312.jar:8.1.10.v20130312]
! at org.eclipse.jetty.util.component.AbstractLifeCycle.start(AbstractLifeCycle.java:64) [jetty-util-8.1.10.v20130312.jar:8.1.10.v20130312]
! at com.yammer.dropwizard.cli.ServerCommand.run(ServerCommand.java:48) [dropwizard-core-0.6.2.jar:na]
! at com.yammer.dropwizard.cli.EnvironmentCommand.run(EnvironmentCommand.java:39) [dropwizard-core-0.6.2.jar:na]
! at com.yammer.dropwizard.cli.ConfiguredCommand.run(ConfiguredCommand.java:58) [dropwizard-core-0.6.2.jar:na]
! at com.yammer.dropwizard.cli.Cli.run(Cli.java:53) [dropwizard-core-0.6.2.jar:na]
! at com.yammer.dropwizard.Service.run(Service.java:61) [dropwizard-core-0.6.2.jar:na]
! at com.kaizen.yelp.serviceclass.KaizenService.main(KaizenService.java:12) [classes/:na]
INFO  [2014-03-14 22:21:03,546] org.eclipse.jetty.server.AbstractConnector: Started InstrumentedBlockingChannelConnector@0.0.0.0:8080
INFO  [2014-03-14 22:21:03,556] org.eclipse.jetty.server.AbstractConnector: Started SocketConnector@0.0.0.0:8081
INFO  [2014-03-14 22:25:03,904] org.eclipse.jetty.server.Server: Graceful shutdown SocketConnector@0.0.0.0:8081
INFO  [2014-03-14 22:25:03,905] org.eclipse.jetty.server.Server: Graceful shutdown InstrumentedBlockingChannelConnector@0.0.0.0:8080
INFO  [2014-03-14 22:25:03,908] org.eclipse.jetty.server.Server: Graceful shutdown o.e.j.s.ServletContextHandler{/,null}
INFO  [2014-03-14 22:25:03,908] org.eclipse.jetty.server.Server: Graceful shutdown o.e.j.s.ServletContextHandler{/,file:/Users/nimmicv/Documents/IDE/SpringToolSuite/workspace/kaizen/target/classes/}
INFO  [2014-03-14 22:25:05,963] org.eclipse.jetty.server.handler.ContextHandler: stopped o.e.j.s.ServletContextHandler{/,file:/Users/nimmicv/Documents/IDE/SpringToolSuite/workspace/kaizen/target/classes/}
INFO  [2014-03-14 22:25:05,964] org.eclipse.jetty.server.handler.ContextHandler: stopped o.e.j.s.ServletContextHandler{/,null}
WARN  [2014-03-14 22:27:07,814] com.yammer.dropwizard.config.ServerFactory: 
!!!!!!!!!!!!!!!!!!!!!!!!!!!!!!!!!!!!!!!!!!!!!!!!!!!!!!!!!!!!!!!!!!!!!!!!!!!!!!!!
!!!!!!!!!!!!!!!!!!!!!!!!!!!!!!!!!!!!!!!!!!!!!!!!!!!!!!!!!!!!!!!!!!!!!!!!!!!!!!!!
!    THIS SERVICE HAS NO HEALTHCHECKS. THIS MEANS YOU WILL NEVER KNOW IF IT    !
!    DIES IN PRODUCTION, WHICH MEANS YOU WILL NEVER KNOW IF YOU'RE LETTING     !
!     YOUR USERS DOWN. YOU SHOULD ADD A HEALTHCHECK FOR EACH DEPENDENCY OF     !
!     YOUR SERVICE WHICH FULLY (BUT LIGHTLY) TESTS YOUR SERVICE'S ABILITY TO   !
!      USE THAT SERVICE. THINK OF IT AS A CONTINUOUS INTEGRATION TEST.         !
!!!!!!!!!!!!!!!!!!!!!!!!!!!!!!!!!!!!!!!!!!!!!!!!!!!!!!!!!!!!!!!!!!!!!!!!!!!!!!!!
!!!!!!!!!!!!!!!!!!!!!!!!!!!!!!!!!!!!!!!!!!!!!!!!!!!!!!!!!!!!!!!!!!!!!!!!!!!!!!!!
INFO  [2014-03-14 22:27:07,898] com.yammer.dropwizard.cli.ServerCommand: Starting kaizen-service
INFO  [2014-03-14 22:27:07,900] org.eclipse.jetty.server.Server: jetty-8.1.10.v20130312
INFO  [2014-03-14 22:27:08,017] com.sun.jersey.server.impl.application.WebApplicationImpl: Initiating Jersey application, version 'Jersey: 1.17.1 02/28/2013 12:47 PM'
INFO  [2014-03-14 22:27:08,065] com.yammer.dropwizard.config.Environment: The following paths were found for the configured resources:


INFO  [2014-03-14 22:27:08,066] com.yammer.dropwizard.config.Environment: tasks = 

    POST    /tasks/gc (com.yammer.dropwizard.tasks.GarbageCollectionTask)

ERROR [2014-03-14 22:27:08,338] com.sun.jersey.server.impl.application.RootResourceUriRules: The ResourceConfig instance does not contain any root resource classes.
WARN  [2014-03-14 22:27:08,345] /: unavailable
! com.sun.jersey.api.container.ContainerException: The ResourceConfig instance does not contain any root resource classes.
! at com.sun.jersey.server.impl.application.RootResourceUriRules.<init>(RootResourceUriRules.java:99) ~[jersey-server-1.17.1.jar:1.17.1]
! at com.sun.jersey.server.impl.application.WebApplicationImpl._initiate(WebApplicationImpl.java:1331) ~[jersey-server-1.17.1.jar:1.17.1]
! at com.sun.jersey.server.impl.application.WebApplicationImpl.access$700(WebApplicationImpl.java:168) ~[jersey-server-1.17.1.jar:1.17.1]
! at com.sun.jersey.server.impl.application.WebApplicationImpl$13.f(WebApplicationImpl.java:774) ~[jersey-server-1.17.1.jar:1.17.1]
! at com.sun.jersey.server.impl.application.WebApplicationImpl$13.f(WebApplicationImpl.java:770) ~[jersey-server-1.17.1.jar:1.17.1]
! at com.sun.jersey.spi.inject.Errors.processWithErrors(Errors.java:193) ~[jersey-core-1.17.1.jar:1.17.1]
! at com.sun.jersey.server.impl.application.WebApplicationImpl.initiate(WebApplicationImpl.java:770) ~[jersey-server-1.17.1.jar:1.17.1]
! at com.sun.jersey.server.impl.application.WebApplicationImpl.initiate(WebApplicationImpl.java:765) ~[jersey-server-1.17.1.jar:1.17.1]
! at com.sun.jersey.spi.container.servlet.ServletContainer.initiate(ServletContainer.java:489) ~[jersey-servlet-1.17.1.jar:1.17.1]
! at com.sun.jersey.spi.container.servlet.ServletContainer$InternalWebComponent.initiate(ServletContainer.java:319) ~[jersey-servlet-1.17.1.jar:1.17.1]
! at com.sun.jersey.spi.container.servlet.WebComponent.load(WebComponent.java:605) ~[jersey-servlet-1.17.1.jar:1.17.1]
! at com.sun.jersey.spi.container.servlet.WebComponent.init(WebComponent.java:210) ~[jersey-servlet-1.17.1.jar:1.17.1]
! at com.sun.jersey.spi.container.servlet.ServletContainer.init(ServletContainer.java:374) ~[jersey-servlet-1.17.1.jar:1.17.1]
! at com.sun.jersey.spi.container.servlet.ServletContainer.init(ServletContainer.java:557) ~[jersey-servlet-1.17.1.jar:1.17.1]
! at javax.servlet.GenericServlet.init(GenericServlet.java:244) ~[javax.servlet-3.0.0.v201112011016.jar:na]
! at org.eclipse.jetty.servlet.ServletHolder.initServlet(ServletHolder.java:519) [jetty-servlet-8.1.10.v20130312.jar:8.1.10.v20130312]
! at org.eclipse.jetty.servlet.ServletHolder.doStart(ServletHolder.java:331) [jetty-servlet-8.1.10.v20130312.jar:8.1.10.v20130312]
! at org.eclipse.jetty.util.component.AbstractLifeCycle.start(AbstractLifeCycle.java:64) [jetty-util-8.1.10.v20130312.jar:8.1.10.v20130312]
! at org.eclipse.jetty.servlet.ServletHandler.initialize(ServletHandler.java:742) [jetty-servlet-8.1.10.v20130312.jar:8.1.10.v20130312]
! at org.eclipse.jetty.servlet.ServletContextHandler.startContext(ServletContextHandler.java:265) [jetty-servlet-8.1.10.v20130312.jar:8.1.10.v20130312]
! at org.eclipse.jetty.server.handler.ContextHandler.doStart(ContextHandler.java:710) [jetty-server-8.1.10.v20130312.jar:8.1.10.v20130312]
! at org.eclipse.jetty.util.component.AbstractLifeCycle.start(AbstractLifeCycle.java:64) [jetty-util-8.1.10.v20130312.jar:8.1.10.v20130312]
! at org.eclipse.jetty.server.handler.HandlerWrapper.doStart(HandlerWrapper.java:95) [jetty-server-8.1.10.v20130312.jar:8.1.10.v20130312]
! at org.eclipse.jetty.util.component.AbstractLifeCycle.start(AbstractLifeCycle.java:64) [jetty-util-8.1.10.v20130312.jar:8.1.10.v20130312]
! at org.eclipse.jetty.server.handler.HandlerWrapper.doStart(HandlerWrapper.java:95) [jetty-server-8.1.10.v20130312.jar:8.1.10.v20130312]
! at org.eclipse.jetty.util.component.AbstractLifeCycle.start(AbstractLifeCycle.java:64) [jetty-util-8.1.10.v20130312.jar:8.1.10.v20130312]
! at org.eclipse.jetty.server.handler.HandlerCollection.doStart(HandlerCollection.java:229) [jetty-server-8.1.10.v20130312.jar:8.1.10.v20130312]
! at org.eclipse.jetty.util.component.AbstractLifeCycle.start(AbstractLifeCycle.java:64) [jetty-util-8.1.10.v20130312.jar:8.1.10.v20130312]
! at org.eclipse.jetty.server.handler.HandlerWrapper.doStart(HandlerWrapper.java:95) [jetty-server-8.1.10.v20130312.jar:8.1.10.v20130312]
! at org.eclipse.jetty.server.Server.doStart(Server.java:280) [jetty-server-8.1.10.v20130312.jar:8.1.10.v20130312]
! at org.eclipse.jetty.util.component.AbstractLifeCycle.start(AbstractLifeCycle.java:64) [jetty-util-8.1.10.v20130312.jar:8.1.10.v20130312]
! at com.yammer.dropwizard.cli.ServerCommand.run(ServerCommand.java:48) [dropwizard-core-0.6.2.jar:na]
! at com.yammer.dropwizard.cli.EnvironmentCommand.run(EnvironmentCommand.java:39) [dropwizard-core-0.6.2.jar:na]
! at com.yammer.dropwizard.cli.ConfiguredCommand.run(ConfiguredCommand.java:58) [dropwizard-core-0.6.2.jar:na]
! at com.yammer.dropwizard.cli.Cli.run(Cli.java:53) [dropwizard-core-0.6.2.jar:na]
! at com.yammer.dropwizard.Service.run(Service.java:61) [dropwizard-core-0.6.2.jar:na]
! at com.kaizen.yelp.serviceclass.KaizenService.main(KaizenService.java:12) [classes/:na]
INFO  [2014-03-14 22:27:08,407] org.eclipse.jetty.server.AbstractConnector: Started InstrumentedBlockingChannelConnector@0.0.0.0:8080
INFO  [2014-03-14 22:27:08,432] org.eclipse.jetty.server.AbstractConnector: Started SocketConnector@0.0.0.0:8081
INFO  [2014-03-14 22:29:17,666] org.eclipse.jetty.server.Server: Graceful shutdown SocketConnector@0.0.0.0:8081
INFO  [2014-03-14 22:29:17,666] org.eclipse.jetty.server.Server: Graceful shutdown InstrumentedBlockingChannelConnector@0.0.0.0:8080
INFO  [2014-03-14 22:29:17,667] org.eclipse.jetty.server.Server: Graceful shutdown o.e.j.s.ServletContextHandler{/,null}
INFO  [2014-03-14 22:29:17,667] org.eclipse.jetty.server.Server: Graceful shutdown o.e.j.s.ServletContextHandler{/,file:/Users/nimmicv/Documents/IDE/SpringToolSuite/workspace/kaizen/target/classes/}
WARN  [2014-03-14 22:29:19,768] org.eclipse.jetty.util.thread.QueuedThreadPool: 1 threads could not be stopped
INFO  [2014-03-14 22:29:19,769] org.eclipse.jetty.util.thread.QueuedThreadPool: Couldn't stop Thread[qtp1218979546-30,5,main]
INFO  [2014-03-14 22:29:19,769] org.eclipse.jetty.util.thread.QueuedThreadPool:  at java.net.SocketInputStream.socketRead0(Native Method)
INFO  [2014-03-14 22:29:19,769] org.eclipse.jetty.util.thread.QueuedThreadPool:  at java.net.SocketInputStream.read(SocketInputStream.java:129)
INFO  [2014-03-14 22:29:19,769] org.eclipse.jetty.util.thread.QueuedThreadPool:  at org.eclipse.jetty.io.ByteArrayBuffer.readFrom(ByteArrayBuffer.java:391)
INFO  [2014-03-14 22:29:19,769] org.eclipse.jetty.util.thread.QueuedThreadPool:  at org.eclipse.jetty.io.bio.StreamEndPoint.fill(StreamEndPoint.java:141)
INFO  [2014-03-14 22:29:19,769] org.eclipse.jetty.util.thread.QueuedThreadPool:  at org.eclipse.jetty.server.bio.SocketConnector$ConnectorEndPoint.fill(SocketConnector.java:227)
INFO  [2014-03-14 22:29:19,769] org.eclipse.jetty.util.thread.QueuedThreadPool:  at org.eclipse.jetty.http.HttpParser.fill(HttpParser.java:1040)
INFO  [2014-03-14 22:29:19,769] org.eclipse.jetty.util.thread.QueuedThreadPool:  at org.eclipse.jetty.http.HttpParser.parseNext(HttpParser.java:280)
INFO  [2014-03-14 22:29:19,769] org.eclipse.jetty.util.thread.QueuedThreadPool:  at org.eclipse.jetty.http.HttpParser.parseAvailable(HttpParser.java:235)
INFO  [2014-03-14 22:29:19,769] org.eclipse.jetty.util.thread.QueuedThreadPool:  at org.eclipse.jetty.server.BlockingHttpConnection.handle(BlockingHttpConnection.java:72)
INFO  [2014-03-14 22:29:19,769] org.eclipse.jetty.util.thread.QueuedThreadPool:  at org.eclipse.jetty.server.bio.SocketConnector$ConnectorEndPoint.run(SocketConnector.java:264)
INFO  [2014-03-14 22:29:19,770] org.eclipse.jetty.util.thread.QueuedThreadPool:  at org.eclipse.jetty.util.thread.QueuedThreadPool.runJob(QueuedThreadPool.java:608)
INFO  [2014-03-14 22:29:19,770] org.eclipse.jetty.util.thread.QueuedThreadPool:  at org.eclipse.jetty.util.thread.QueuedThreadPool$3.run(QueuedThreadPool.java:543)
INFO  [2014-03-14 22:29:19,770] org.eclipse.jetty.util.thread.QueuedThreadPool:  at java.lang.Thread.run(Thread.java:680)
INFO  [2014-03-14 22:29:19,770] org.eclipse.jetty.server.handler.ContextHandler: stopped o.e.j.s.ServletContextHandler{/,file:/Users/nimmicv/Documents/IDE/SpringToolSuite/workspace/kaizen/target/classes/}
INFO  [2014-03-14 22:29:19,771] org.eclipse.jetty.server.handler.ContextHandler: stopped o.e.j.s.ServletContextHandler{/,null}
WARN  [2014-03-14 22:31:05,118] com.yammer.dropwizard.config.ServerFactory: 
!!!!!!!!!!!!!!!!!!!!!!!!!!!!!!!!!!!!!!!!!!!!!!!!!!!!!!!!!!!!!!!!!!!!!!!!!!!!!!!!
!!!!!!!!!!!!!!!!!!!!!!!!!!!!!!!!!!!!!!!!!!!!!!!!!!!!!!!!!!!!!!!!!!!!!!!!!!!!!!!!
!    THIS SERVICE HAS NO HEALTHCHECKS. THIS MEANS YOU WILL NEVER KNOW IF IT    !
!    DIES IN PRODUCTION, WHICH MEANS YOU WILL NEVER KNOW IF YOU'RE LETTING     !
!     YOUR USERS DOWN. YOU SHOULD ADD A HEALTHCHECK FOR EACH DEPENDENCY OF     !
!     YOUR SERVICE WHICH FULLY (BUT LIGHTLY) TESTS YOUR SERVICE'S ABILITY TO   !
!      USE THAT SERVICE. THINK OF IT AS A CONTINUOUS INTEGRATION TEST.         !
!!!!!!!!!!!!!!!!!!!!!!!!!!!!!!!!!!!!!!!!!!!!!!!!!!!!!!!!!!!!!!!!!!!!!!!!!!!!!!!!
!!!!!!!!!!!!!!!!!!!!!!!!!!!!!!!!!!!!!!!!!!!!!!!!!!!!!!!!!!!!!!!!!!!!!!!!!!!!!!!!
INFO  [2014-03-14 22:31:05,198] com.yammer.dropwizard.cli.ServerCommand: Starting kaizen-service
INFO  [2014-03-14 22:31:05,200] org.eclipse.jetty.server.Server: jetty-8.1.10.v20130312
INFO  [2014-03-14 22:31:05,316] com.sun.jersey.server.impl.application.WebApplicationImpl: Initiating Jersey application, version 'Jersey: 1.17.1 02/28/2013 12:47 PM'
INFO  [2014-03-14 22:31:05,372] com.yammer.dropwizard.config.Environment: The following paths were found for the configured resources:

    GET     /kaizen (com.kaizen.yelp.api.KaizenResource)

INFO  [2014-03-14 22:31:05,372] com.yammer.dropwizard.config.Environment: tasks = 

    POST    /tasks/gc (com.yammer.dropwizard.tasks.GarbageCollectionTask)

INFO  [2014-03-14 22:31:05,743] org.eclipse.jetty.server.AbstractConnector: Started InstrumentedBlockingChannelConnector@0.0.0.0:8080
INFO  [2014-03-14 22:31:05,748] org.eclipse.jetty.server.AbstractConnector: Started SocketConnector@0.0.0.0:8081
INFO  [2014-03-14 22:31:18,623] org.eclipse.jetty.server.Server: Graceful shutdown SocketConnector@0.0.0.0:8081
INFO  [2014-03-14 22:31:18,629] org.eclipse.jetty.server.Server: Graceful shutdown InstrumentedBlockingChannelConnector@0.0.0.0:8080
INFO  [2014-03-14 22:31:18,631] org.eclipse.jetty.server.Server: Graceful shutdown o.e.j.s.ServletContextHandler{/,null}
INFO  [2014-03-14 22:31:18,631] org.eclipse.jetty.server.Server: Graceful shutdown o.e.j.s.ServletContextHandler{/,file:/Users/nimmicv/Documents/IDE/SpringToolSuite/workspace/kaizen/target/classes/}
INFO  [2014-03-14 22:31:20,685] org.eclipse.jetty.server.handler.ContextHandler: stopped o.e.j.s.ServletContextHandler{/,file:/Users/nimmicv/Documents/IDE/SpringToolSuite/workspace/kaizen/target/classes/}
INFO  [2014-03-14 22:31:20,685] org.eclipse.jetty.server.handler.ContextHandler: stopped o.e.j.s.ServletContextHandler{/,null}
